{"name": "test_signUp_to_app[test_list_item0]", "status": "broken", "statusDetails": {"message": "selenium.common.exceptions.NoSuchElementException: Message: An element could not be located on the page using the given search parameters.; For documentation on this error, please visit: https://www.selenium.dev/documentation/webdriver/troubleshooting/errors#nosuchelementexception\nStacktrace:\nNoSuchElementError: An element could not be located on the page using the given search parameters.\n    at XCUITestDriver.doNativeFind (/Users/gilberto.barraza/.appium/node_modules/appium-xcuitest-driver/lib/commands/find.ts:205:13)\n    at processTicksAndRejections (node:internal/process/task_queues:95:5)\n    at XCUITestDriver.findNativeElementOrElements (/Users/gilberto.barraza/.appium/node_modules/appium-xcuitest-driver/lib/commands/find.ts:130:7)\n    at XCUITestDriver.findElOrEls (/Users/gilberto.barraza/.appium/node_modules/appium-xcuitest-driver/lib/commands/find.ts:54:7)\n    at XCUITestDriver.findElOrElsWithProcessing (/Users/gilberto.barraza/.nvm/versions/node/v20.19.5/lib/node_modules/appium/node_modules/@appium/base-driver/lib/basedriver/commands/find.ts:60:12)\n    at XCUITestDriver.findElement (/Users/gilberto.barraza/.nvm/versions/node/v20.19.5/lib/node_modules/appium/node_modules/@appium/base-driver/lib/basedriver/commands/find.ts:75:12)", "trace": "test_list_item = {'email': 'gilberto2.lizbar@gmail.com', 'password': 'Gilcarjuan$1725', 'username': 'GilbertoLB'}\n\n    @pytest.mark.usefixtures(\"setup_function\")\n    @pytest.mark.parametrize(\"test_list_item\", test_list)  # Extract test_list and attached to test_list_item\n    # Send test_list_item as an argument of test method to have access to test_list_item data\n    def test_signUp_to_app(test_list_item):\n        print(\"Sign Up test\")\n        driver.find_element(AppiumBy.ACCESSIBILITY_ID, \"I already have an account\").click()\n        driver.find_element(AppiumBy.XPATH, \"//*[@value='Enter email address']\").send_keys(test_list_item[\"email\"])\n        driver.find_element(AppiumBy.XPATH, \"//*[@value='Enter password']\").send_keys(test_list_item[\"password\"])\n        driver.find_element(AppiumBy.ACCESSIBILITY_ID, \"Continue\").click()\n        time.sleep(5)\n>       driver.find_element(AppiumBy.XPATH, \"//*[@value='Enter username']\").send_keys(test_list_item[\"username\"])\n        ^^^^^^^^^^^^^^^^^^^^^^^^^^^^^^^^^^^^^^^^^^^^^^^^^^^^^^^^^^^^^^^^^^^\n\ntest_20_capture_screenrecord_iOS_native.py:132: \n_ _ _ _ _ _ _ _ _ _ _ _ _ _ _ _ _ _ _ _ _ _ _ _ _ _ _ _ _ _ _ _ _ _ _ _ _ _ _ _ _ _ _ _ _ _ _ _ _ _ _ _ _ _ _ _ _ _ _ _ _ _ _ _ _ _ _ _ _ _ _ _ _ _ _ _ _ _ _ _ _ \n../.venv/lib/python3.12/site-packages/selenium/webdriver/remote/webdriver.py:802: in find_element\n    return self.execute(Command.FIND_ELEMENT, {\"using\": by, \"value\": value})[\"value\"]\n           ^^^^^^^^^^^^^^^^^^^^^^^^^^^^^^^^^^^^^^^^^^^^^^^^^^^^^^^^^^^^^^^^^\n../.venv/lib/python3.12/site-packages/selenium/webdriver/remote/webdriver.py:432: in execute\n    self.error_handler.check_response(response)\n_ _ _ _ _ _ _ _ _ _ _ _ _ _ _ _ _ _ _ _ _ _ _ _ _ _ _ _ _ _ _ _ _ _ _ _ _ _ _ _ _ _ _ _ _ _ _ _ _ _ _ _ _ _ _ _ _ _ _ _ _ _ _ _ _ _ _ _ _ _ _ _ _ _ _ _ _ _ _ _ _ \n\nself = <appium.webdriver.errorhandler.MobileErrorHandler object at 0x10586a720>\nresponse = {'status': 404, 'value': '{\"value\":{\"error\":\"no such element\",\"message\":\"An element could not be located on the page u...ions/node/v20.19.5/lib/node_modules/appium/node_modules/@appium/base-driver/lib/basedriver/commands/find.ts:75:12)\"}}'}\n\n    def check_response(self, response: Dict[str, Any]) -> None:\n        \"\"\"\n        https://www.w3.org/TR/webdriver/#errors\n        \"\"\"\n        payload = response.get('value', '')\n        if isinstance(payload, dict):\n            payload_dict = payload\n        else:\n            try:\n                payload_dict = json.loads(payload)\n            except (json.JSONDecodeError, TypeError):\n                return\n            if not isinstance(payload_dict, dict):\n                return\n        value = payload_dict.get('value')\n        if not isinstance(value, dict):\n            return\n        error = value.get('error')\n        if not error:\n            return\n    \n        message = value.get('message', error)\n        stacktrace = value.get('stacktrace', '')\n        # In theory, we should also be checking HTTP status codes.\n        # Java client, for example, prints a warning if the actual `error`\n        # value does not match to the response's HTTP status code.\n        exception_class: Type[sel_exceptions.WebDriverException] = ERROR_TO_EXC_MAPPING.get(\n            error, sel_exceptions.WebDriverException\n        )\n        if exception_class is sel_exceptions.WebDriverException and message:\n            if message == 'No such context found.':\n                exception_class = appium_exceptions.NoSuchContextException\n            elif message == 'That command could not be executed in the current context.':\n                exception_class = appium_exceptions.InvalidSwitchToTargetException\n    \n        if exception_class is sel_exceptions.UnexpectedAlertPresentException:\n            raise sel_exceptions.UnexpectedAlertPresentException(\n                msg=message,\n                stacktrace=format_stacktrace(stacktrace),\n                alert_text=value.get('data'),\n            )\n>       raise exception_class(msg=message, stacktrace=format_stacktrace(stacktrace))\nE       selenium.common.exceptions.NoSuchElementException: Message: An element could not be located on the page using the given search parameters.; For documentation on this error, please visit: https://www.selenium.dev/documentation/webdriver/troubleshooting/errors#nosuchelementexception\nE       Stacktrace:\nE       NoSuchElementError: An element could not be located on the page using the given search parameters.\nE           at XCUITestDriver.doNativeFind (/Users/gilberto.barraza/.appium/node_modules/appium-xcuitest-driver/lib/commands/find.ts:205:13)\nE           at processTicksAndRejections (node:internal/process/task_queues:95:5)\nE           at XCUITestDriver.findNativeElementOrElements (/Users/gilberto.barraza/.appium/node_modules/appium-xcuitest-driver/lib/commands/find.ts:130:7)\nE           at XCUITestDriver.findElOrEls (/Users/gilberto.barraza/.appium/node_modules/appium-xcuitest-driver/lib/commands/find.ts:54:7)\nE           at XCUITestDriver.findElOrElsWithProcessing (/Users/gilberto.barraza/.nvm/versions/node/v20.19.5/lib/node_modules/appium/node_modules/@appium/base-driver/lib/basedriver/commands/find.ts:60:12)\nE           at XCUITestDriver.findElement (/Users/gilberto.barraza/.nvm/versions/node/v20.19.5/lib/node_modules/appium/node_modules/@appium/base-driver/lib/basedriver/commands/find.ts:75:12)\n\n../.venv/lib/python3.12/site-packages/appium/webdriver/errorhandler.py:125: NoSuchElementException"}, "attachments": [{"name": "stdout", "source": "8eea5daf-e2ae-4b00-9e4b-9b89a4525763-attachment.txt", "type": "text/plain"}, {"name": "stderr", "source": "c0a19f05-5853-4852-8796-e392e15857c6-attachment.txt", "type": "text/plain"}], "parameters": [{"name": "test_list_item", "value": "{'email': 'gilberto2.lizbar@gmail.com', 'password': 'Gilcarjuan$1725', 'username': 'GilbertoLB'}"}], "start": 1769710288741, "stop": 1769710308165, "uuid": "93fbcd28-c917-4937-9c48-fa597f0c76e7", "historyId": "626193c93dec5ad102e799fa26e9aaa8", "testCaseId": "571eb6a87dd0824d247adba80d7524f1", "fullName": "test_20_capture_screenrecord_iOS_native#test_signUp_to_app", "labels": [{"name": "suite", "value": "test_20_capture_screenrecord_iOS_native"}, {"name": "host", "value": "Gilbertos-MacBook-Pro.local"}, {"name": "thread", "value": "89997-MainThread"}, {"name": "framework", "value": "pytest"}, {"name": "language", "value": "cpython3"}, {"name": "package", "value": "test_20_capture_screenrecord_iOS_native"}], "titlePath": ["test_20_capture_screenrecord_iOS_native.py"]}